[00:00:05] [Async Chat Thread - #1/INFO]: [Not Secure] <LzXtNp3> lol
[00:00:05] [Async Chat Thread - #0/INFO]: [Not Secure] <Tenochcatl> LzXtNp3
[00:00:06] [Async Chat Thread - #0/INFO]: [Not Secure] <LzXtNp3> xddd
[00:00:06] [Async Chat Thread - #1/INFO]: [Not Secure] <Tenochcatl> alchile
[00:00:12] [Async Chat Thread - #1/INFO]: [Not Secure] <Tenochcatl> bebete 2 putos litros de ácido fólico
[00:00:15] [Async Chat Thread - #1/INFO]: [Not Secure] <Tenochcatl> junto con el pendejo de Vyrnex
[00:00:17] [Async Chat Thread - #1/INFO]: [Not Secure] <LzXtNp3> iamnexus
[00:00:18] [Async Chat Thread - #1/INFO]: [Not Secure] <Tenochcatl> spameo la puta ip
[00:00:20] [Async Chat Thread - #1/INFO]: [Not Secure] <Tenochcatl> y estos cabrones
[00:00:22] [Async Chat Thread - #1/INFO]: [Not Secure] <Tenochcatl> "cual es la ip"
[00:00:26] [Async Chat Thread - #1/INFO]: [Not Secure] <Tenochcatl> forogore.net
[00:00:28] [Async Chat Thread - #1/INFO]: [Not Secure] <Tenochcatl> :v
[00:00:29] [Async Chat Thread - #0/INFO]: [Not Secure] <Tenochcatl> digo
[00:00:29] [Async Chat Thread - #0/INFO]: [Not Secure] <Tenochcatl> bid-supplied.gl.joinmc.link
[00:00:29] [Async Chat Thread - #0/INFO]: [Not Secure] <el_wevit0> cual es la ip pasala bro
[00:00:41] [Async Chat Thread - #1/INFO]: [Not Secure] <iamnexus> teno pasame la ip del wevito :fire:
[00:00:46] [Async Chat Thread - #0/INFO]: [Not Secure] <el_wevit0> jsajsajsa
[00:00:49] [Async Chat Thread - #0/INFO]: [Not Secure] <Tenochcatl> saiban que si compran un dominio web
[00:00:53] [Async Chat Thread - #0/INFO]: [Not Secure] <Tenochcatl> su ip cambia a ser la de su dominio?
[00:00:54] [Async Chat Thread - #0/INFO]: [Not Secure] <Tenochcatl> ejemplo:
[00:00:56] [Async Chat Thread - #0/INFO]: [Not Secure] <Tenochcatl> si te doxean
[00:01:00] [Async Chat Thread - #0/INFO]: [Not Secure] <Tenochcatl> tienes la ip de pornhub.com
[00:01:09] [Async Chat Thread - #0/INFO]: [Not Secure] <Tenochcatl> env ez de la 128.19.289.1:001
[00:01:09] [Async Chat Thread - #0/INFO]: [Not Secure] <iamnexus> temp dame effi
[00:01:10] [Async Chat Thread - #0/INFO]: [Not Secure] <iamnexus> temp dame effi
[00:01:10] [Async Chat Thread - #0/INFO]: [Not Secure] <iamnexus> temp dame effi
[00:01:14] [Async Chat Thread - #0/INFO]: [Not Secure] <iamnexus> temp dame effi 5
[00:01:15] [Async Chat Thread - #0/INFO]: [Not Secure] <Tenochcatl> tempra?
[00:01:24] [Async Chat Thread - #0/INFO]: [Not Secure] <iamnexus> hay soy re boludo
[00:01:28] [Async Chat Thread - #0/INFO]: [Not Secure] <iamnexus> teno dame effi
[00:01:34] [Async Chat Thread - #0/INFO]: [Not Secure] <Tenochcatl> teno
[00:01:35] [Async Chat Thread - #0/INFO]: [Not Secure] <iamnexus> tenia en el picaxe
[00:01:37] [Async Chat Thread - #1/INFO]: [Not Secure] <Tenochcatl> me gusta ese nombre
[00:01:47] [Server thread/INFO]: Tenochcatl issued server command: /tp iamnexus
[00:01:47] [Server thread/INFO]: [Tenochcatl: Teleported Tenochcatl to [Principality of Synex] iamnexus]
[00:01:49] [Async Chat Thread - #0/INFO]: [Not Secure] <LzXtNp3> ehh
[00:01:59] [Async Chat Thread - #0/INFO]: [Not Secure] <LzXtNp3> Tenochcatl
[00:02:01] [Async Chat Thread - #0/INFO]: [Not Secure] <el_wevit0> teno de quien es la base?
[00:02:02] [Async Chat Thread - #0/INFO]: [Not Secure] <LzXtNp3> mi ec
[00:02:02] [Async Chat Thread - #0/INFO]: [Not Secure] <Tenochcatl> QUE QUIERES
[00:02:02] [Async Chat Thread - #0/INFO]: [Not Secure] <el_wevit0> esto
[00:02:04] [Server thread/INFO]: Tenochcatl issued server command: /tp el_wevit0
[00:02:04] [Server thread/INFO]: [Tenochcatl: Teleported Tenochcatl to [PHP Realm] el_wevit0]
[00:02:09] [Async Chat Thread - #0/INFO]: [Not Secure] <Tenochcatl> esa es de Roman Village
[00:02:09] [Async Chat Thread - #0/INFO]: [Not Secure] <iamnexus> teno dame effi
[00:02:09] [Async Chat Thread - #1/INFO]: [Not Secure] <LzXtNp3> esta vacio perra
[00:02:09] [Async Chat Thread - #1/INFO]: [Not Secure] <iamnexus> teno dame effi
[00:02:09] [Async Chat Thread - #1/INFO]: [Not Secure] <iamnexus> teno dame effi
[00:02:10] [Async Chat Thread - #1/INFO]: [Not Secure] <iamnexus> teno dame effi
[00:02:10] [Async Chat Thread - #1/INFO]: [Not Secure] <iamnexus> teno dame effit
[00:02:11] [Async Chat Thread - #1/INFO]: [Not Secure] <Tenochcatl> aun se conecta
[00:02:12] [Async Chat Thread - #0/INFO]: [Not Secure] <iamnexus> tenia en el picaxe
[00:02:14] [Async Chat Thread - #0/INFO]: [Not Secure] <Tenochcatl> salte de ahí
[00:02:16] [Async Chat Thread - #0/INFO]: [Not Secure] <el_wevit0> uu
[00:02:20] [Async Chat Thread - #1/INFO]: [Not Secure] <el_wevit0> ta bonita
[00:02:30] [Server thread/INFO]: Tenochcatl issued server command: /tp el_wevit0
[00:02:30] [Server thread/INFO]: [Tenochcatl: Teleported Tenochcatl to [PHP Realm] el_wevit0]
